2021-01-24 15:05:32.107  INFO 5580 --- [restartedMain] c.e.demo.RamenSecurity2Application       : Starting RamenSecurity2Application using Java 11.0.8 on DESKTOP-87EKCF9 with PID 5580 (C:\trial\RamenSecurity2\target\classes started by kurur in C:\trial\RamenSecurity2)
2021-01-24 15:05:32.117  INFO 5580 --- [restartedMain] c.e.demo.RamenSecurity2Application       : No active profile set, falling back to default profiles: default
2021-01-24 15:05:32.226  INFO 5580 --- [restartedMain] .e.DevToolsPropertyDefaultsPostProcessor : Devtools property defaults active! Set 'spring.devtools.add-properties' to 'false' to disable
2021-01-24 15:05:32.228  INFO 5580 --- [restartedMain] .e.DevToolsPropertyDefaultsPostProcessor : For additional web related logging consider setting the 'logging.level.web' property to 'DEBUG'
2021-01-24 15:05:34.277  INFO 5580 --- [restartedMain] o.s.b.w.embedded.tomcat.TomcatWebServer  : Tomcat initialized with port(s): 8080 (http)
2021-01-24 15:05:34.291  INFO 5580 --- [restartedMain] o.apache.catalina.core.StandardService   : Starting service [Tomcat]
2021-01-24 15:05:34.291  INFO 5580 --- [restartedMain] org.apache.catalina.core.StandardEngine  : Starting Servlet engine: [Apache Tomcat/9.0.41]
2021-01-24 15:05:34.469  INFO 5580 --- [restartedMain] o.a.c.c.C.[Tomcat].[localhost].[/]       : Initializing Spring embedded WebApplicationContext
2021-01-24 15:05:34.471  INFO 5580 --- [restartedMain] w.s.c.ServletWebServerApplicationContext : Root WebApplicationContext: initialization completed in 2235 ms
2021-01-24 15:05:34.736  INFO 5580 --- [restartedMain] com.zaxxer.hikari.HikariDataSource       : HikariPool-1 - Starting...
2021-01-24 15:05:35.500  INFO 5580 --- [restartedMain] com.zaxxer.hikari.HikariDataSource       : HikariPool-1 - Start completed.
2021-01-24 15:05:35.648  WARN 5580 --- [restartedMain] o.s.b.d.a.OptionalLiveReloadServer       : Unable to start LiveReload server
2021-01-24 15:05:36.376  INFO 5580 --- [restartedMain] o.s.s.web.DefaultSecurityFilterChain     : Will secure Ant [pattern='/css/**'] with []
2021-01-24 15:05:36.428  INFO 5580 --- [restartedMain] o.s.s.web.DefaultSecurityFilterChain     : Will secure any request with [org.springframework.security.web.context.request.async.WebAsyncManagerIntegrationFilter@78649cb9, org.springframework.security.web.context.SecurityContextPersistenceFilter@11f154be, org.springframework.security.web.header.HeaderWriterFilter@7f07f2d7, org.springframework.security.web.csrf.CsrfFilter@36680a59, org.springframework.security.web.authentication.logout.LogoutFilter@42217741, org.springframework.security.web.authentication.UsernamePasswordAuthenticationFilter@6fbdb443, org.springframework.security.web.savedrequest.RequestCacheAwareFilter@6cefe7bd, org.springframework.security.web.servletapi.SecurityContextHolderAwareRequestFilter@114a3cef, org.springframework.security.web.authentication.rememberme.RememberMeAuthenticationFilter@14afff1b, org.springframework.security.web.authentication.AnonymousAuthenticationFilter@7af9305a, org.springframework.security.web.session.SessionManagementFilter@1ea3c897, org.springframework.security.web.access.ExceptionTranslationFilter@67844311, org.springframework.security.web.access.intercept.FilterSecurityInterceptor@66840046]
2021-01-24 15:05:36.623  INFO 5580 --- [restartedMain] o.s.s.concurrent.ThreadPoolTaskExecutor  : Initializing ExecutorService 'applicationTaskExecutor'
2021-01-24 15:05:37.448  WARN 5580 --- [restartedMain] ConfigServletWebServerApplicationContext : Exception encountered during context initialization - cancelling refresh attempt: org.springframework.context.ApplicationContextException: Failed to start bean 'webServerStartStop'; nested exception is org.springframework.boot.web.server.PortInUseException: Port 8080 is already in use
2021-01-24 15:05:37.449  INFO 5580 --- [restartedMain] o.s.s.concurrent.ThreadPoolTaskExecutor  : Shutting down ExecutorService 'applicationTaskExecutor'
2021-01-24 15:05:37.451  INFO 5580 --- [restartedMain] com.zaxxer.hikari.HikariDataSource       : HikariPool-1 - Shutdown initiated...
2021-01-24 15:05:37.469  INFO 5580 --- [restartedMain] com.zaxxer.hikari.HikariDataSource       : HikariPool-1 - Shutdown completed.
2021-01-24 15:05:37.473  INFO 5580 --- [restartedMain] o.apache.catalina.core.StandardService   : Stopping service [Tomcat]
2021-01-24 15:05:37.493  INFO 5580 --- [restartedMain] ConditionEvaluationReportLoggingListener : 

Error starting ApplicationContext. To display the conditions report re-run your application with 'debug' enabled.
2021-01-24 15:05:37.519 ERROR 5580 --- [restartedMain] o.s.b.d.LoggingFailureAnalysisReporter   : 

***************************
APPLICATION FAILED TO START
***************************

Description:

Web server failed to start. Port 8080 was already in use.

Action:

Identify and stop the process that's listening on port 8080 or configure this application to listen on another port.

2021-01-24 15:23:27.575  INFO 13152 --- [restartedMain] c.e.demo.RamenSecurity2Application       : Starting RamenSecurity2Application using Java 11.0.8 on DESKTOP-87EKCF9 with PID 13152 (C:\trial\RamenSecurity2\target\classes started by kurur in C:\trial\RamenSecurity2)
2021-01-24 15:23:27.580  INFO 13152 --- [restartedMain] c.e.demo.RamenSecurity2Application       : No active profile set, falling back to default profiles: default
2021-01-24 15:23:27.639  INFO 13152 --- [restartedMain] .e.DevToolsPropertyDefaultsPostProcessor : Devtools property defaults active! Set 'spring.devtools.add-properties' to 'false' to disable
2021-01-24 15:23:27.639  INFO 13152 --- [restartedMain] .e.DevToolsPropertyDefaultsPostProcessor : For additional web related logging consider setting the 'logging.level.web' property to 'DEBUG'
2021-01-24 15:23:28.848  INFO 13152 --- [restartedMain] o.s.b.w.embedded.tomcat.TomcatWebServer  : Tomcat initialized with port(s): 8080 (http)
2021-01-24 15:23:28.862  INFO 13152 --- [restartedMain] o.apache.catalina.core.StandardService   : Starting service [Tomcat]
2021-01-24 15:23:28.863  INFO 13152 --- [restartedMain] org.apache.catalina.core.StandardEngine  : Starting Servlet engine: [Apache Tomcat/9.0.41]
2021-01-24 15:23:28.947  INFO 13152 --- [restartedMain] o.a.c.c.C.[Tomcat].[localhost].[/]       : Initializing Spring embedded WebApplicationContext
2021-01-24 15:23:28.947  INFO 13152 --- [restartedMain] w.s.c.ServletWebServerApplicationContext : Root WebApplicationContext: initialization completed in 1306 ms
2021-01-24 15:23:29.085  INFO 13152 --- [restartedMain] com.zaxxer.hikari.HikariDataSource       : HikariPool-1 - Starting...
2021-01-24 15:23:29.583  INFO 13152 --- [restartedMain] com.zaxxer.hikari.HikariDataSource       : HikariPool-1 - Start completed.
2021-01-24 15:23:29.653  INFO 13152 --- [restartedMain] o.s.b.d.a.OptionalLiveReloadServer       : LiveReload server is running on port 35729
2021-01-24 15:23:30.141  INFO 13152 --- [restartedMain] o.s.s.web.DefaultSecurityFilterChain     : Will secure Ant [pattern='/css/**'] with []
2021-01-24 15:23:30.194  INFO 13152 --- [restartedMain] o.s.s.web.DefaultSecurityFilterChain     : Will secure any request with [org.springframework.security.web.context.request.async.WebAsyncManagerIntegrationFilter@7f0c180c, org.springframework.security.web.context.SecurityContextPersistenceFilter@2d9aa0a3, org.springframework.security.web.header.HeaderWriterFilter@34e6f1af, org.springframework.security.web.csrf.CsrfFilter@68b2c075, org.springframework.security.web.authentication.logout.LogoutFilter@7abe0fb2, org.springframework.security.web.authentication.UsernamePasswordAuthenticationFilter@62072153, org.springframework.security.web.savedrequest.RequestCacheAwareFilter@74b55f9b, org.springframework.security.web.servletapi.SecurityContextHolderAwareRequestFilter@5557f938, org.springframework.security.web.authentication.rememberme.RememberMeAuthenticationFilter@4f9ff23f, org.springframework.security.web.authentication.AnonymousAuthenticationFilter@24daa307, org.springframework.security.web.session.SessionManagementFilter@11dda068, org.springframework.security.web.access.ExceptionTranslationFilter@fdf86b3, org.springframework.security.web.access.intercept.FilterSecurityInterceptor@4d54c4b2]
2021-01-24 15:23:30.439  INFO 13152 --- [restartedMain] o.s.s.concurrent.ThreadPoolTaskExecutor  : Initializing ExecutorService 'applicationTaskExecutor'
2021-01-24 15:23:30.987  INFO 13152 --- [restartedMain] o.s.b.w.embedded.tomcat.TomcatWebServer  : Tomcat started on port(s): 8080 (http) with context path ''
2021-01-24 15:23:30.997  INFO 13152 --- [restartedMain] c.e.demo.RamenSecurity2Application       : Started RamenSecurity2Application in 3.802 seconds (JVM running for 4.924)
2021-01-24 15:23:33.530  INFO 13152 --- [http-nio-8080-exec-1] o.a.c.c.C.[Tomcat].[localhost].[/]       : Initializing Spring DispatcherServlet 'dispatcherServlet'
2021-01-24 15:23:33.531  INFO 13152 --- [http-nio-8080-exec-1] o.s.web.servlet.DispatcherServlet        : Initializing Servlet 'dispatcherServlet'
2021-01-24 15:23:33.534  INFO 13152 --- [http-nio-8080-exec-1] o.s.web.servlet.DispatcherServlet        : Completed initialization in 2 ms
2021-01-24 15:23:34.149  WARN 13152 --- [http-nio-8080-exec-1] o.a.c.util.SessionIdGeneratorBase        : Creation of SecureRandom instance for session ID generation using [SHA1PRNG] took [130] milliseconds.
2021-01-24 15:24:13.638  INFO 13152 --- [Thread-4] o.s.s.concurrent.ThreadPoolTaskExecutor  : Shutting down ExecutorService 'applicationTaskExecutor'
2021-01-24 15:24:13.640  INFO 13152 --- [Thread-4] com.zaxxer.hikari.HikariDataSource       : HikariPool-1 - Shutdown initiated...
2021-01-24 15:24:13.651  INFO 13152 --- [Thread-4] com.zaxxer.hikari.HikariDataSource       : HikariPool-1 - Shutdown completed.
2021-01-24 15:24:13.750  INFO 13152 --- [restartedMain] c.e.demo.RamenSecurity2Application       : Starting RamenSecurity2Application using Java 11.0.8 on DESKTOP-87EKCF9 with PID 13152 (C:\trial\RamenSecurity2\target\classes started by kurur in C:\trial\RamenSecurity2)
2021-01-24 15:24:13.750  INFO 13152 --- [restartedMain] c.e.demo.RamenSecurity2Application       : No active profile set, falling back to default profiles: default
2021-01-24 15:24:14.147  INFO 13152 --- [restartedMain] o.s.b.w.embedded.tomcat.TomcatWebServer  : Tomcat initialized with port(s): 8080 (http)
2021-01-24 15:24:14.147  INFO 13152 --- [restartedMain] o.apache.catalina.core.StandardService   : Starting service [Tomcat]
2021-01-24 15:24:14.147  INFO 13152 --- [restartedMain] org.apache.catalina.core.StandardEngine  : Starting Servlet engine: [Apache Tomcat/9.0.41]
2021-01-24 15:24:14.194  INFO 13152 --- [restartedMain] o.a.c.c.C.[Tomcat].[localhost].[/]       : Initializing Spring embedded WebApplicationContext
2021-01-24 15:24:14.194  INFO 13152 --- [restartedMain] w.s.c.ServletWebServerApplicationContext : Root WebApplicationContext: initialization completed in 441 ms
2021-01-24 15:24:14.381  INFO 13152 --- [restartedMain] com.zaxxer.hikari.HikariDataSource       : HikariPool-2 - Starting...
2021-01-24 15:24:14.412  INFO 13152 --- [restartedMain] com.zaxxer.hikari.HikariDataSource       : HikariPool-2 - Start completed.
2021-01-24 15:24:14.427  INFO 13152 --- [restartedMain] o.s.b.d.a.OptionalLiveReloadServer       : LiveReload server is running on port 35729
2021-01-24 15:24:14.534  INFO 13152 --- [restartedMain] o.s.s.web.DefaultSecurityFilterChain     : Will secure Ant [pattern='/css/**'] with []
2021-01-24 15:24:14.547  INFO 13152 --- [restartedMain] o.s.s.web.DefaultSecurityFilterChain     : Will secure any request with [org.springframework.security.web.context.request.async.WebAsyncManagerIntegrationFilter@375cba26, org.springframework.security.web.context.SecurityContextPersistenceFilter@6ddd56e7, org.springframework.security.web.header.HeaderWriterFilter@4bb595ff, org.springframework.security.web.csrf.CsrfFilter@11790e34, org.springframework.security.web.authentication.logout.LogoutFilter@2b5968a8, org.springframework.security.web.authentication.UsernamePasswordAuthenticationFilter@6cf2c5f0, org.springframework.security.web.savedrequest.RequestCacheAwareFilter@1821bf20, org.springframework.security.web.servletapi.SecurityContextHolderAwareRequestFilter@7fdccbb6, org.springframework.security.web.authentication.rememberme.RememberMeAuthenticationFilter@17593a17, org.springframework.security.web.authentication.AnonymousAuthenticationFilter@6546a89b, org.springframework.security.web.session.SessionManagementFilter@340cf6fc, org.springframework.security.web.access.ExceptionTranslationFilter@5aa5f581, org.springframework.security.web.access.intercept.FilterSecurityInterceptor@16a89c1a]
2021-01-24 15:24:14.629  INFO 13152 --- [restartedMain] o.s.s.concurrent.ThreadPoolTaskExecutor  : Initializing ExecutorService 'applicationTaskExecutor'
2021-01-24 15:24:14.971  INFO 13152 --- [restartedMain] o.s.b.w.embedded.tomcat.TomcatWebServer  : Tomcat started on port(s): 8080 (http) with context path ''
2021-01-24 15:24:14.976  INFO 13152 --- [restartedMain] c.e.demo.RamenSecurity2Application       : Started RamenSecurity2Application in 1.268 seconds (JVM running for 48.903)
2021-01-24 15:24:14.979  INFO 13152 --- [restartedMain] .ConditionEvaluationDeltaLoggingListener : Condition evaluation unchanged
2021-01-24 15:24:17.542  INFO 13152 --- [http-nio-8080-exec-1] o.a.c.c.C.[Tomcat].[localhost].[/]       : Initializing Spring DispatcherServlet 'dispatcherServlet'
2021-01-24 15:24:17.543  INFO 13152 --- [http-nio-8080-exec-1] o.s.web.servlet.DispatcherServlet        : Initializing Servlet 'dispatcherServlet'
2021-01-24 15:24:17.544  INFO 13152 --- [http-nio-8080-exec-1] o.s.web.servlet.DispatcherServlet        : Completed initialization in 1 ms
2021-01-24 15:25:20.976  INFO 13152 --- [Thread-8] o.s.s.concurrent.ThreadPoolTaskExecutor  : Shutting down ExecutorService 'applicationTaskExecutor'
2021-01-24 15:25:20.979  INFO 13152 --- [Thread-8] com.zaxxer.hikari.HikariDataSource       : HikariPool-2 - Shutdown initiated...
2021-01-24 15:25:20.987  INFO 13152 --- [Thread-8] com.zaxxer.hikari.HikariDataSource       : HikariPool-2 - Shutdown completed.
2021-01-24 15:25:21.076  INFO 13152 --- [restartedMain] c.e.demo.RamenSecurity2Application       : Starting RamenSecurity2Application using Java 11.0.8 on DESKTOP-87EKCF9 with PID 13152 (C:\trial\RamenSecurity2\target\classes started by kurur in C:\trial\RamenSecurity2)
2021-01-24 15:25:21.076  INFO 13152 --- [restartedMain] c.e.demo.RamenSecurity2Application       : No active profile set, falling back to default profiles: default
2021-01-24 15:25:21.429  INFO 13152 --- [restartedMain] o.s.b.w.embedded.tomcat.TomcatWebServer  : Tomcat initialized with port(s): 8080 (http)
2021-01-24 15:25:21.432  INFO 13152 --- [restartedMain] o.apache.catalina.core.StandardService   : Starting service [Tomcat]
2021-01-24 15:25:21.432  INFO 13152 --- [restartedMain] org.apache.catalina.core.StandardEngine  : Starting Servlet engine: [Apache Tomcat/9.0.41]
2021-01-24 15:25:21.458  INFO 13152 --- [restartedMain] o.a.c.c.C.[Tomcat].[localhost].[/]       : Initializing Spring embedded WebApplicationContext
2021-01-24 15:25:21.458  INFO 13152 --- [restartedMain] w.s.c.ServletWebServerApplicationContext : Root WebApplicationContext: initialization completed in 379 ms
2021-01-24 15:25:21.514  INFO 13152 --- [restartedMain] com.zaxxer.hikari.HikariDataSource       : HikariPool-3 - Starting...
2021-01-24 15:25:21.532  INFO 13152 --- [restartedMain] com.zaxxer.hikari.HikariDataSource       : HikariPool-3 - Start completed.
2021-01-24 15:25:21.546  INFO 13152 --- [restartedMain] o.s.b.d.a.OptionalLiveReloadServer       : LiveReload server is running on port 35729
2021-01-24 15:25:21.611  INFO 13152 --- [restartedMain] o.s.s.web.DefaultSecurityFilterChain     : Will secure Ant [pattern='/css/**'] with []
2021-01-24 15:25:21.617  INFO 13152 --- [restartedMain] o.s.s.web.DefaultSecurityFilterChain     : Will secure any request with [org.springframework.security.web.context.request.async.WebAsyncManagerIntegrationFilter@17e00df5, org.springframework.security.web.context.SecurityContextPersistenceFilter@1c1d2815, org.springframework.security.web.header.HeaderWriterFilter@7a3e313, org.springframework.security.web.csrf.CsrfFilter@3d71a9ed, org.springframework.security.web.authentication.logout.LogoutFilter@63e6a554, org.springframework.security.web.authentication.UsernamePasswordAuthenticationFilter@5a51d06e, org.springframework.security.web.savedrequest.RequestCacheAwareFilter@3c5935d5, org.springframework.security.web.servletapi.SecurityContextHolderAwareRequestFilter@247ae236, org.springframework.security.web.authentication.rememberme.RememberMeAuthenticationFilter@64bab719, org.springframework.security.web.authentication.AnonymousAuthenticationFilter@22313a06, org.springframework.security.web.session.SessionManagementFilter@2c13d2bb, org.springframework.security.web.access.ExceptionTranslationFilter@297132b9, org.springframework.security.web.access.intercept.FilterSecurityInterceptor@64ea21de]
2021-01-24 15:25:21.660  INFO 13152 --- [restartedMain] o.s.s.concurrent.ThreadPoolTaskExecutor  : Initializing ExecutorService 'applicationTaskExecutor'
2021-01-24 15:25:22.093  INFO 13152 --- [restartedMain] o.s.b.w.embedded.tomcat.TomcatWebServer  : Tomcat started on port(s): 8080 (http) with context path ''
2021-01-24 15:25:22.096  INFO 13152 --- [restartedMain] c.e.demo.RamenSecurity2Application       : Started RamenSecurity2Application in 1.06 seconds (JVM running for 116.023)
2021-01-24 15:25:22.097  INFO 13152 --- [restartedMain] .ConditionEvaluationDeltaLoggingListener : Condition evaluation unchanged
2021-01-24 15:26:02.593  INFO 13152 --- [http-nio-8080-exec-2] o.a.c.c.C.[Tomcat].[localhost].[/]       : Initializing Spring DispatcherServlet 'dispatcherServlet'
2021-01-24 15:26:02.599  INFO 13152 --- [http-nio-8080-exec-2] o.s.web.servlet.DispatcherServlet        : Initializing Servlet 'dispatcherServlet'
2021-01-24 15:26:02.608  INFO 13152 --- [http-nio-8080-exec-2] o.s.web.servlet.DispatcherServlet        : Completed initialization in 8 ms
2021-01-24 15:26:04.600  INFO 13152 --- [RMI TCP Connection(7)-127.0.0.1] inMXBeanRegistrar$SpringApplicationAdmin : Application shutdown requested.
2021-01-24 15:26:04.729  INFO 13152 --- [RMI TCP Connection(7)-127.0.0.1] o.s.s.concurrent.ThreadPoolTaskExecutor  : Shutting down ExecutorService 'applicationTaskExecutor'
2021-01-24 15:26:04.730  INFO 13152 --- [RMI TCP Connection(7)-127.0.0.1] com.zaxxer.hikari.HikariDataSource       : HikariPool-3 - Shutdown initiated...
2021-01-24 15:26:04.738  INFO 13152 --- [RMI TCP Connection(7)-127.0.0.1] com.zaxxer.hikari.HikariDataSource       : HikariPool-3 - Shutdown completed.
